Started GET "/" for ::1 at 2019-09-08 22:36:06 -0600
  [1m[35m (3.3ms)[0m  [1m[34mSELECT sqlite_version(*)[0m
  
ActiveRecord::PendingMigrationError (

Migrations are pending. To resolve this issue, run:

        rails db:migrate RAILS_ENV=development

):
  
activerecord (6.0.0) lib/active_record/migration.rb:587:in `check_pending!'
activerecord (6.0.0) lib/active_record/migration.rb:564:in `call'
actionpack (6.0.0) lib/action_dispatch/middleware/callbacks.rb:27:in `block in call'
activesupport (6.0.0) lib/active_support/callbacks.rb:101:in `run_callbacks'
actionpack (6.0.0) lib/action_dispatch/middleware/callbacks.rb:26:in `call'
actionpack (6.0.0) lib/action_dispatch/middleware/executor.rb:14:in `call'
actionpack (6.0.0) lib/action_dispatch/middleware/actionable_exceptions.rb:17:in `call'
actionpack (6.0.0) lib/action_dispatch/middleware/debug_exceptions.rb:32:in `call'
web-console (4.0.1) lib/web_console/middleware.rb:132:in `call_app'
web-console (4.0.1) lib/web_console/middleware.rb:28:in `block in call'
web-console (4.0.1) lib/web_console/middleware.rb:17:in `catch'
web-console (4.0.1) lib/web_console/middleware.rb:17:in `call'
actionpack (6.0.0) lib/action_dispatch/middleware/show_exceptions.rb:33:in `call'
railties (6.0.0) lib/rails/rack/logger.rb:38:in `call_app'
railties (6.0.0) lib/rails/rack/logger.rb:26:in `block in call'
activesupport (6.0.0) lib/active_support/tagged_logging.rb:80:in `block in tagged'
activesupport (6.0.0) lib/active_support/tagged_logging.rb:28:in `tagged'
activesupport (6.0.0) lib/active_support/tagged_logging.rb:80:in `tagged'
railties (6.0.0) lib/rails/rack/logger.rb:26:in `call'
sprockets-rails (3.2.1) lib/sprockets/rails/quiet_assets.rb:13:in `call'
actionpack (6.0.0) lib/action_dispatch/middleware/remote_ip.rb:81:in `call'
actionpack (6.0.0) lib/action_dispatch/middleware/request_id.rb:27:in `call'
rack (2.0.7) lib/rack/method_override.rb:22:in `call'
rack (2.0.7) lib/rack/runtime.rb:22:in `call'
activesupport (6.0.0) lib/active_support/cache/strategy/local_cache_middleware.rb:29:in `call'
actionpack (6.0.0) lib/action_dispatch/middleware/executor.rb:14:in `call'
actionpack (6.0.0) lib/action_dispatch/middleware/static.rb:126:in `call'
rack (2.0.7) lib/rack/sendfile.rb:111:in `call'
actionpack (6.0.0) lib/action_dispatch/middleware/host_authorization.rb:77:in `call'
webpacker (4.0.7) lib/webpacker/dev_server_proxy.rb:29:in `perform_request'
rack-proxy (0.6.5) lib/rack/proxy.rb:57:in `call'
railties (6.0.0) lib/rails/engine.rb:526:in `call'
puma (3.12.1) lib/puma/configuration.rb:227:in `call'
puma (3.12.1) lib/puma/server.rb:660:in `handle_request'
puma (3.12.1) lib/puma/server.rb:474:in `process_client'
puma (3.12.1) lib/puma/server.rb:334:in `block in run'
puma (3.12.1) lib/puma/thread_pool.rb:135:in `block in spawn_thread'
  [1m[35m (0.4ms)[0m  [1m[34mSELECT sqlite_version(*)[0m
  [1m[35m (3.4ms)[0m  [1m[35mCREATE TABLE "schema_migrations" ("version" varchar NOT NULL PRIMARY KEY)[0m
  [1m[35m (7.1ms)[0m  [1m[35mCREATE TABLE "ar_internal_metadata" ("key" varchar NOT NULL PRIMARY KEY, "value" varchar, "created_at" datetime(6) NOT NULL, "updated_at" datetime(6) NOT NULL)[0m
  [1m[35m (0.2ms)[0m  [1m[34mSELECT "schema_migrations"."version" FROM "schema_migrations" ORDER BY "schema_migrations"."version" ASC[0m
Migrating to CreateUsers (20190907172738)
  [1m[35m (0.1ms)[0m  [1m[36mbegin transaction[0m
  [1m[35m (0.6ms)[0m  [1m[35mCREATE TABLE "users" ("id" integer PRIMARY KEY AUTOINCREMENT NOT NULL, "name" varchar, "email" varchar, "created_at" datetime(6) NOT NULL, "updated_at" datetime(6) NOT NULL)[0m
  [1m[36mprimary::SchemaMigration Create (0.3ms)[0m  [1m[32mINSERT INTO "schema_migrations" ("version") VALUES (?)[0m  [["version", "20190907172738"]]
  [1m[35m (3.2ms)[0m  [1m[36mcommit transaction[0m
Migrating to AddIndexToUsersEmail (20190907211735)
  [1m[35m (0.1ms)[0m  [1m[36mbegin transaction[0m
  [1m[35m (0.4ms)[0m  [1m[35mCREATE UNIQUE INDEX "index_users_on_email" ON "users" ("email")[0m
  [1m[36mprimary::SchemaMigration Create (0.2ms)[0m  [1m[32mINSERT INTO "schema_migrations" ("version") VALUES (?)[0m  [["version", "20190907211735"]]
  [1m[35m (16.1ms)[0m  [1m[36mcommit transaction[0m
Migrating to AddPasswordDigestToUsers (20190907213442)
  [1m[35m (0.1ms)[0m  [1m[36mbegin transaction[0m
  [1m[35m (1.3ms)[0m  [1m[35mALTER TABLE "users" ADD "password_digest" varchar[0m
  [1m[36mprimary::SchemaMigration Create (0.6ms)[0m  [1m[32mINSERT INTO "schema_migrations" ("version") VALUES (?)[0m  [["version", "20190907213442"]]
  [1m[35m (2.6ms)[0m  [1m[36mcommit transaction[0m
  [1m[36mActiveRecord::InternalMetadata Load (0.2ms)[0m  [1m[34mSELECT "ar_internal_metadata".* FROM "ar_internal_metadata" WHERE "ar_internal_metadata"."key" = ? LIMIT ?[0m  [["key", "environment"], ["LIMIT", 1]]
  [1m[35m (0.1ms)[0m  [1m[36mbegin transaction[0m
  [1m[36mActiveRecord::InternalMetadata Create (0.4ms)[0m  [1m[32mINSERT INTO "ar_internal_metadata" ("key", "value", "created_at", "updated_at") VALUES (?, ?, ?, ?)[0m  [["key", "environment"], ["value", "development"], ["created_at", "2019-09-09 04:36:26.254275"], ["updated_at", "2019-09-09 04:36:26.254275"]]
  [1m[35m (3.0ms)[0m  [1m[36mcommit transaction[0m
  [1m[35m (0.1ms)[0m  [1m[34mSELECT sqlite_version(*)[0m
  [1m[35m (0.1ms)[0m  [1m[34mSELECT "schema_migrations"."version" FROM "schema_migrations" ORDER BY "schema_migrations"."version" ASC[0m
Started GET "/" for ::1 at 2019-09-08 22:37:54 -0600
  [1m[35m (0.5ms)[0m  [1m[34mSELECT sqlite_version(*)[0m
  [1m[35m (0.4ms)[0m  [1m[34mSELECT "schema_migrations"."version" FROM "schema_migrations" ORDER BY "schema_migrations"."version" ASC[0m
Processing by StaticPagesController#home as HTML
  Rendering static_pages/home.html.erb within layouts/application
  Rendered static_pages/home.html.erb within layouts/application (Duration: 5809.0ms | Allocations: 3519599)
[Webpacker] Compiling…
[Webpacker] Compiled all packs in /Users/cristofmorissette/Documents/sample_app/public/packs
  Rendered layouts/_rails_default.html.erb (Duration: 4858.8ms | Allocations: 17652)
  Rendered layouts/_shim.html.erb (Duration: 0.5ms | Allocations: 88)
  Rendered layouts/_header.html.erb (Duration: 1.1ms | Allocations: 261)
  Rendered layouts/_footer.html.erb (Duration: 0.9ms | Allocations: 185)
Completed 200 OK in 10695ms (Views: 10685.3ms | ActiveRecord: 0.0ms | Allocations: 3541214)


Started GET "/signup" for ::1 at 2019-09-08 22:40:16 -0600
Processing by UsersController#new as HTML
  Rendering users/new.html.erb within layouts/application
  Rendered users/new.html.erb within layouts/application (Duration: 16.8ms | Allocations: 5490)
  Rendered layouts/_rails_default.html.erb (Duration: 17.4ms | Allocations: 13968)
  Rendered layouts/_shim.html.erb (Duration: 0.0ms | Allocations: 5)
  Rendered layouts/_header.html.erb (Duration: 0.2ms | Allocations: 85)
  Rendered layouts/_footer.html.erb (Duration: 0.1ms | Allocations: 49)
Completed 200 OK in 53ms (Views: 37.7ms | ActiveRecord: 0.8ms | Allocations: 26121)


Started POST "/users" for ::1 at 2019-09-08 23:19:27 -0600
  [1m[35m (0.1ms)[0m  [1m[34mSELECT sqlite_version(*)[0m
  
SyntaxError (/Users/cristofmorissette/Documents/sample_app/app/controllers/users_controller.rb:19: syntax error, unexpected end-of-input, expecting end):
  
app/controllers/users_controller.rb:19: syntax error, unexpected end-of-input, expecting end
app/controllers/users_controller.rb:19: syntax error, unexpected end-of-input, expecting end
app/controllers/users_controller.rb:19: syntax error, unexpected end-of-input, expecting end
Started POST "/users" for ::1 at 2019-09-08 23:21:14 -0600
  [1m[35m (0.5ms)[0m  [1m[34mSELECT sqlite_version(*)[0m
Processing by UsersController#create as HTML
  Parameters: {"authenticity_token"=>"ByMEKf0IKDdmNpijDxcOtHDW4Y4/Yaf3nhocSds2+SKZL4BwYDKhZRM3+k4IZ1VxlfxXFUYIQA41BjxuXf+nJQ==", "user"=>{"name"=>"sdvsva", "email"=>"vcbvs@hot.com", "password"=>"[FILTERED]", "password_confirmation"=>"[FILTERED]"}, "commit"=>"Create my account"}
Completed 500 Internal Server Error in 10ms (ActiveRecord: 0.6ms | Allocations: 5493)


  
ActiveModel::ForbiddenAttributesError (ActiveModel::ForbiddenAttributesError):
  
app/controllers/users_controller.rb:11:in `create'
Started POST "/users" for ::1 at 2019-09-08 23:34:22 -0600
  [1m[35m (0.1ms)[0m  [1m[34mSELECT sqlite_version(*)[0m
Processing by UsersController#create as HTML
  Parameters: {"authenticity_token"=>"ByMEKf0IKDdmNpijDxcOtHDW4Y4/Yaf3nhocSds2+SKZL4BwYDKhZRM3+k4IZ1VxlfxXFUYIQA41BjxuXf+nJQ==", "user"=>{"name"=>"sdvsva", "email"=>"vcbvs@hot.com", "password"=>"[FILTERED]", "password_confirmation"=>"[FILTERED]"}, "commit"=>"Create my account"}
  [1m[35m (0.1ms)[0m  [1m[36mbegin transaction[0m
  ↳ app/controllers/users_controller.rb:12:in `create'
  [1m[36mUser Exists? (2.2ms)[0m  [1m[34mSELECT 1 AS one FROM "users" WHERE LOWER("users"."email") = LOWER(?) LIMIT ?[0m  [["email", "vcbvs@hot.com"], ["LIMIT", 1]]
  ↳ app/controllers/users_controller.rb:12:in `create'
  [1m[35m (0.1ms)[0m  [1m[31mrollback transaction[0m
  ↳ app/controllers/users_controller.rb:12:in `create'
  Rendering users/new.html.erb within layouts/application
  Rendered users/new.html.erb within layouts/application (Duration: 2.7ms | Allocations: 878)
  Rendered layouts/_rails_default.html.erb (Duration: 26.3ms | Allocations: 13904)
  Rendered layouts/_shim.html.erb (Duration: 0.0ms | Allocations: 5)
  Rendered layouts/_header.html.erb (Duration: 0.2ms | Allocations: 85)
  Rendered layouts/_footer.html.erb (Duration: 0.1ms | Allocations: 49)
Completed 200 OK in 134ms (Views: 33.0ms | ActiveRecord: 2.5ms | Allocations: 24500)


Started POST "/users" for ::1 at 2019-09-08 23:34:53 -0600
Processing by UsersController#create as HTML
  Parameters: {"authenticity_token"=>"/toiR7kfUz4RYq3BlsiUTSbq1RMakUXURHBXkPtzuidg1qYeJCXabGRjzyyRuM+Iw8BjiGP4oi3vbHe3fbrkIA==", "user"=>{"name"=>"Cristof", "email"=>"wewqfwe@we.com", "password"=>"[FILTERED]", "password_confirmation"=>"[FILTERED]"}, "commit"=>"Create my account"}
  [1m[35m (0.1ms)[0m  [1m[36mbegin transaction[0m
  ↳ app/controllers/users_controller.rb:12:in `create'
  [1m[36mUser Exists? (0.2ms)[0m  [1m[34mSELECT 1 AS one FROM "users" WHERE LOWER("users"."email") = LOWER(?) LIMIT ?[0m  [["email", "wewqfwe@we.com"], ["LIMIT", 1]]
  ↳ app/controllers/users_controller.rb:12:in `create'
  [1m[35m (0.1ms)[0m  [1m[31mrollback transaction[0m
  ↳ app/controllers/users_controller.rb:12:in `create'
  Rendering users/new.html.erb within layouts/application
  Rendered users/new.html.erb within layouts/application (Duration: 1.6ms | Allocations: 853)
  Rendered layouts/_rails_default.html.erb (Duration: 15.9ms | Allocations: 13885)
  Rendered layouts/_shim.html.erb (Duration: 0.2ms | Allocations: 5)
  Rendered layouts/_header.html.erb (Duration: 0.4ms | Allocations: 83)
  Rendered layouts/_footer.html.erb (Duration: 0.2ms | Allocations: 47)
Completed 200 OK in 112ms (Views: 21.1ms | ActiveRecord: 0.4ms | Allocations: 19156)


Started POST "/users" for ::1 at 2019-09-08 23:35:09 -0600
Processing by UsersController#create as HTML
  Parameters: {"authenticity_token"=>"tpPAd3BjmpBDDCPoBmzTci9qU7rUoKxe1kssjV9Cfb4on0Qu7VkTwjYNQQUBHIi3ykDlIa3JS6d9Vwyq2YsjuQ==", "user"=>{"name"=>"Cristof", "email"=>"wewqfwe@we.com", "password"=>"[FILTERED]", "password_confirmation"=>"[FILTERED]"}, "commit"=>"Create my account"}
  [1m[35m (0.1ms)[0m  [1m[36mbegin transaction[0m
  ↳ app/controllers/users_controller.rb:12:in `create'
  [1m[36mUser Exists? (0.2ms)[0m  [1m[34mSELECT 1 AS one FROM "users" WHERE LOWER("users"."email") = LOWER(?) LIMIT ?[0m  [["email", "wewqfwe@we.com"], ["LIMIT", 1]]
  ↳ app/controllers/users_controller.rb:12:in `create'
  [1m[35m (0.1ms)[0m  [1m[31mrollback transaction[0m
  ↳ app/controllers/users_controller.rb:12:in `create'
  Rendering users/new.html.erb within layouts/application
  Rendered users/new.html.erb within layouts/application (Duration: 1.5ms | Allocations: 853)
  Rendered layouts/_rails_default.html.erb (Duration: 18.2ms | Allocations: 13886)
  Rendered layouts/_shim.html.erb (Duration: 0.1ms | Allocations: 5)
  Rendered layouts/_header.html.erb (Duration: 0.2ms | Allocations: 83)
  Rendered layouts/_footer.html.erb (Duration: 0.1ms | Allocations: 47)
Completed 200 OK in 151ms (Views: 22.3ms | ActiveRecord: 0.4ms | Allocations: 19129)


Started POST "/users" for ::1 at 2019-09-08 23:45:54 -0600
  [1m[35m (0.2ms)[0m  [1m[34mSELECT sqlite_version(*)[0m
Processing by UsersController#create as HTML
  Parameters: {"authenticity_token"=>"EF9aVwfjwMplF2yjgTxVKCMU0R+gV+CSLn8VBCMH71eOU94OmtlJmBAWDk6GTA7txj5nhNk+B2uFYzUjpc6xUA==", "user"=>{"name"=>"Cristof", "email"=>"wewqfwe@we.com", "password"=>"[FILTERED]", "password_confirmation"=>"[FILTERED]"}, "commit"=>"Create my account"}
  [1m[35m (0.1ms)[0m  [1m[36mbegin transaction[0m
  ↳ app/controllers/users_controller.rb:12:in `create'
  [1m[36mUser Exists? (0.7ms)[0m  [1m[34mSELECT 1 AS one FROM "users" WHERE LOWER("users"."email") = LOWER(?) LIMIT ?[0m  [["email", "wewqfwe@we.com"], ["LIMIT", 1]]
  ↳ app/controllers/users_controller.rb:12:in `create'
  [1m[35m (0.1ms)[0m  [1m[31mrollback transaction[0m
  ↳ app/controllers/users_controller.rb:12:in `create'
  Rendering users/new.html.erb within layouts/application
  Rendered shared/_error_messages.html.erb (Duration: 1.1ms | Allocations: 607)
  Rendered users/new.html.erb within layouts/application (Duration: 4.8ms | Allocations: 2024)
  Rendered layouts/_rails_default.html.erb (Duration: 1673.6ms | Allocations: 1347023)
  Rendered layouts/_shim.html.erb (Duration: 0.3ms | Allocations: 90)
  Rendered layouts/_header.html.erb (Duration: 1.0ms | Allocations: 250)
  Rendered layouts/_footer.html.erb (Duration: 0.4ms | Allocations: 178)
Completed 200 OK in 1699ms (Views: 1689.5ms | ActiveRecord: 0.8ms | Allocations: 1355858)


Started POST "/users" for ::1 at 2019-09-09 00:04:26 -0600
  [1m[35m (0.1ms)[0m  [1m[34mSELECT sqlite_version(*)[0m
Processing by UsersController#create as HTML
  Parameters: {"authenticity_token"=>"fFQVphzjpj0fzubdG5GT3wA95xKJF4VDJYFnUo/02BTiWJH/gdkvb2rPhDAc4cga5RdRifB+YrqOnUd1CT2GEw==", "user"=>{"name"=>"Cristof", "email"=>"wewqfwe@we.com", "password"=>"[FILTERED]", "password_confirmation"=>"[FILTERED]"}, "commit"=>"Create my account"}
  [1m[35m (0.1ms)[0m  [1m[36mbegin transaction[0m
  ↳ app/controllers/users_controller.rb:12:in `create'
  [1m[36mUser Exists? (0.3ms)[0m  [1m[34mSELECT 1 AS one FROM "users" WHERE LOWER("users"."email") = LOWER(?) LIMIT ?[0m  [["email", "wewqfwe@we.com"], ["LIMIT", 1]]
  ↳ app/controllers/users_controller.rb:12:in `create'
  [1m[35m (0.1ms)[0m  [1m[31mrollback transaction[0m
  ↳ app/controllers/users_controller.rb:12:in `create'
  Rendering users/new.html.erb within layouts/application
  Rendered shared/_error_messages.html.erb (Duration: 0.7ms | Allocations: 329)
  Rendered users/new.html.erb within layouts/application (Duration: 3.6ms | Allocations: 1739)
  Rendered layouts/_rails_default.html.erb (Duration: 16.7ms | Allocations: 14629)
  Rendered layouts/_shim.html.erb (Duration: 0.3ms | Allocations: 85)
  Rendered layouts/_header.html.erb (Duration: 1.2ms | Allocations: 250)
  Rendered layouts/_footer.html.erb (Duration: 0.5ms | Allocations: 178)
Completed 200 OK in 123ms (Views: 29.4ms | ActiveRecord: 0.5ms | Allocations: 27204)


Started POST "/signup" for ::1 at 2019-09-09 00:04:37 -0600
Processing by UsersController#create as HTML
  Parameters: {"authenticity_token"=>"u1w6qY3mKIuwaNJcQzlbovnyU6pEIdj63FJPZh2uJ2klUL7wENyh2cVpsLFESQBnHNjlMT1IPwN3Tm9Bm2d5bg==", "user"=>{"name"=>"Cristof", "email"=>"wewqfwe@we.com", "password"=>"[FILTERED]", "password_confirmation"=>"[FILTERED]"}, "commit"=>"Create my account"}
  [1m[35m (0.1ms)[0m  [1m[36mbegin transaction[0m
  ↳ app/controllers/users_controller.rb:12:in `create'
  [1m[36mUser Exists? (0.2ms)[0m  [1m[34mSELECT 1 AS one FROM "users" WHERE LOWER("users"."email") = LOWER(?) LIMIT ?[0m  [["email", "wewqfwe@we.com"], ["LIMIT", 1]]
  ↳ app/controllers/users_controller.rb:12:in `create'
  [1m[36mUser Create (2.9ms)[0m  [1m[32mINSERT INTO "users" ("name", "email", "created_at", "updated_at", "password_digest") VALUES (?, ?, ?, ?, ?)[0m  [["name", "Cristof"], ["email", "wewqfwe@we.com"], ["created_at", "2019-09-09 06:04:37.431086"], ["updated_at", "2019-09-09 06:04:37.431086"], ["password_digest", "$2a$10$Tz8WXvkgjs.dNNl.jPQQeOXVoGl5SLXZFvH61UYtxRWXfZF0xOuCS"]]
  ↳ app/controllers/users_controller.rb:12:in `create'
  [1m[35m (3.4ms)[0m  [1m[36mcommit transaction[0m
  ↳ app/controllers/users_controller.rb:12:in `create'
Redirected to http://localhost:3000/users/1
Completed 302 Found in 100ms (ActiveRecord: 6.6ms | Allocations: 3784)


Started GET "/users/1" for ::1 at 2019-09-09 00:04:37 -0600
Processing by UsersController#show as HTML
  Parameters: {"id"=>"1"}
  [1m[36mUser Load (0.2ms)[0m  [1m[34mSELECT "users".* FROM "users" WHERE "users"."id" = ? LIMIT ?[0m  [["id", 1], ["LIMIT", 1]]
  ↳ app/controllers/users_controller.rb:7:in `show'
  Rendering users/show.html.erb within layouts/application
  Rendered users/show.html.erb within layouts/application (Duration: 1.1ms | Allocations: 278)
  Rendered layouts/_rails_default.html.erb (Duration: 16.4ms | Allocations: 14524)
  Rendered layouts/_shim.html.erb (Duration: 0.0ms | Allocations: 5)
  Rendered layouts/_header.html.erb (Duration: 0.3ms | Allocations: 111)
  Rendered layouts/_footer.html.erb (Duration: 0.1ms | Allocations: 49)
Completed 200 OK in 23ms (Views: 19.9ms | ActiveRecord: 0.2ms | Allocations: 16651)


  [1m[35m (0.5ms)[0m  [1m[34mSELECT sqlite_version(*)[0m
  [1m[36mUser Load (0.2ms)[0m  [1m[34mSELECT "users".* FROM "users" ORDER BY "users"."id" ASC LIMIT ? OFFSET ?[0m  [["LIMIT", 1], ["OFFSET", 1]]
  [1m[36mUser Load (0.3ms)[0m  [1m[34mSELECT "users".* FROM "users" ORDER BY "users"."id" ASC LIMIT ?[0m  [["LIMIT", 1]]
Started GET "/users/1" for ::1 at 2019-09-09 00:12:33 -0600
  [1m[35m (0.1ms)[0m  [1m[34mSELECT sqlite_version(*)[0m
Processing by UsersController#show as HTML
  Parameters: {"id"=>"1"}
  [1m[36mUser Load (0.2ms)[0m  [1m[34mSELECT "users".* FROM "users" WHERE "users"."id" = ? LIMIT ?[0m  [["id", 1], ["LIMIT", 1]]
  ↳ app/controllers/users_controller.rb:7:in `show'
  Rendering users/show.html.erb within layouts/application
  Rendered users/show.html.erb within layouts/application (Duration: 0.7ms | Allocations: 272)
Completed 500 Internal Server Error in 15ms (ActiveRecord: 0.2ms | Allocations: 7518)


  
ActionView::SyntaxErrorInTemplate (Encountered a syntax error while rendering template: check <!DOCTYPE html>
<html>
  <head>
    <title><%= full_title(yield(:title)) %></title>
    <%= render 'layouts/rails_default' %>
   <%= render 'layouts/shim' %>
  </head>
  <body>
    <%= render 'layouts/header' %>
     <%= debug(params) if Rails.env.development? %>
    <div class="container">
    % flash.each do |message_type, message| %>
        <div class="alert alert-<%= message_type %>"><%= message %></div>
      <% end %>
      <%= yield %>
       <%= render 'layouts/footer' %>
    </div>
  </body>
</html>
):
1:    <!DOCTYPE html>
2:    <html>
3:      <head>
4:        <title><%= full_title(yield(:title)) %></title>
5:        <%= render 'layouts/rails_default' %>
6:       <%= render 'layouts/shim' %>
7:      </head>
8:      <body>
9:        <%= render 'layouts/header' %>
10:         <%= debug(params) if Rails.env.development? %>
11:        <div class="container">
12:        % flash.each do |message_type, message| %>
13:            <div class="alert alert-<%= message_type %>"><%= message %></div>
14:          <% end %>
15:          <%= yield %>
16:           <%= render 'layouts/footer' %>
17:        </div>
18:      </body>
19:    </html>
  
app/views/layouts/application.html.erb:21: syntax error, unexpected end, expecting end-of-input
app/views/layouts/application.html.erb:21: syntax error, unexpected end, expecting end-of-input
app/views/layouts/application.html.erb:21: syntax error, unexpected end, expecting end-of-input
app/views/layouts/application.html.erb:21: syntax error, unexpected end, expecting end-of-input
app/views/layouts/application.html.erb:21: syntax error, unexpected end, expecting end-of-input
app/views/layouts/application.html.erb:21: syntax error, unexpected end, expecting end-of-input
Started GET "/users" for ::1 at 2019-09-09 00:12:35 -0600
  
AbstractController::ActionNotFound (The action 'index' could not be found for UsersController):
  
actionpack (6.0.0) lib/abstract_controller/base.rb:131:in `process'
actionview (6.0.0) lib/action_view/rendering.rb:39:in `process'
actionpack (6.0.0) lib/action_controller/metal.rb:191:in `dispatch'
actionpack (6.0.0) lib/action_controller/metal.rb:252:in `dispatch'
actionpack (6.0.0) lib/action_dispatch/routing/route_set.rb:51:in `dispatch'
actionpack (6.0.0) lib/action_dispatch/routing/route_set.rb:33:in `serve'
actionpack (6.0.0) lib/action_dispatch/journey/router.rb:49:in `block in serve'
actionpack (6.0.0) lib/action_dispatch/journey/router.rb:32:in `each'
actionpack (6.0.0) lib/action_dispatch/journey/router.rb:32:in `serve'
actionpack (6.0.0) lib/action_dispatch/routing/route_set.rb:837:in `call'
rack (2.0.7) lib/rack/tempfile_reaper.rb:15:in `call'
rack (2.0.7) lib/rack/etag.rb:25:in `call'
rack (2.0.7) lib/rack/conditional_get.rb:25:in `call'
rack (2.0.7) lib/rack/head.rb:12:in `call'
actionpack (6.0.0) lib/action_dispatch/http/content_security_policy.rb:18:in `call'
rack (2.0.7) lib/rack/session/abstract/id.rb:232:in `context'
rack (2.0.7) lib/rack/session/abstract/id.rb:226:in `call'
actionpack (6.0.0) lib/action_dispatch/middleware/cookies.rb:648:in `call'
activerecord (6.0.0) lib/active_record/migration.rb:567:in `call'
actionpack (6.0.0) lib/action_dispatch/middleware/callbacks.rb:27:in `block in call'
activesupport (6.0.0) lib/active_support/callbacks.rb:101:in `run_callbacks'
actionpack (6.0.0) lib/action_dispatch/middleware/callbacks.rb:26:in `call'
actionpack (6.0.0) lib/action_dispatch/middleware/executor.rb:14:in `call'
actionpack (6.0.0) lib/action_dispatch/middleware/actionable_exceptions.rb:17:in `call'
actionpack (6.0.0) lib/action_dispatch/middleware/debug_exceptions.rb:32:in `call'
web-console (4.0.1) lib/web_console/middleware.rb:132:in `call_app'
web-console (4.0.1) lib/web_console/middleware.rb:28:in `block in call'
web-console (4.0.1) lib/web_console/middleware.rb:17:in `catch'
web-console (4.0.1) lib/web_console/middleware.rb:17:in `call'
actionpack (6.0.0) lib/action_dispatch/middleware/show_exceptions.rb:33:in `call'
railties (6.0.0) lib/rails/rack/logger.rb:38:in `call_app'
railties (6.0.0) lib/rails/rack/logger.rb:26:in `block in call'
activesupport (6.0.0) lib/active_support/tagged_logging.rb:80:in `block in tagged'
activesupport (6.0.0) lib/active_support/tagged_logging.rb:28:in `tagged'
activesupport (6.0.0) lib/active_support/tagged_logging.rb:80:in `tagged'
railties (6.0.0) lib/rails/rack/logger.rb:26:in `call'
sprockets-rails (3.2.1) lib/sprockets/rails/quiet_assets.rb:13:in `call'
actionpack (6.0.0) lib/action_dispatch/middleware/remote_ip.rb:81:in `call'
actionpack (6.0.0) lib/action_dispatch/middleware/request_id.rb:27:in `call'
rack (2.0.7) lib/rack/method_override.rb:22:in `call'
rack (2.0.7) lib/rack/runtime.rb:22:in `call'
activesupport (6.0.0) lib/active_support/cache/strategy/local_cache_middleware.rb:29:in `call'
actionpack (6.0.0) lib/action_dispatch/middleware/executor.rb:14:in `call'
actionpack (6.0.0) lib/action_dispatch/middleware/static.rb:126:in `call'
rack (2.0.7) lib/rack/sendfile.rb:111:in `call'
actionpack (6.0.0) lib/action_dispatch/middleware/host_authorization.rb:77:in `call'
webpacker (4.0.7) lib/webpacker/dev_server_proxy.rb:29:in `perform_request'
rack-proxy (0.6.5) lib/rack/proxy.rb:57:in `call'
railties (6.0.0) lib/rails/engine.rb:526:in `call'
puma (3.12.1) lib/puma/configuration.rb:227:in `call'
puma (3.12.1) lib/puma/server.rb:660:in `handle_request'
puma (3.12.1) lib/puma/server.rb:474:in `process_client'
puma (3.12.1) lib/puma/server.rb:334:in `block in run'
puma (3.12.1) lib/puma/thread_pool.rb:135:in `block in spawn_thread'
Started GET "/" for ::1 at 2019-09-09 00:12:42 -0600
Processing by StaticPagesController#home as HTML
  Rendering static_pages/home.html.erb within layouts/application
  Rendered static_pages/home.html.erb within layouts/application (Duration: 5.1ms | Allocations: 868)
Completed 500 Internal Server Error in 13ms (ActiveRecord: 0.0ms | Allocations: 2979)


  
ActionView::SyntaxErrorInTemplate (Encountered a syntax error while rendering template: check <!DOCTYPE html>
<html>
  <head>
    <title><%= full_title(yield(:title)) %></title>
    <%= render 'layouts/rails_default' %>
   <%= render 'layouts/shim' %>
  </head>
  <body>
    <%= render 'layouts/header' %>
     <%= debug(params) if Rails.env.development? %>
    <div class="container">
    % flash.each do |message_type, message| %>
        <div class="alert alert-<%= message_type %>"><%= message %></div>
      <% end %>
      <%= yield %>
       <%= render 'layouts/footer' %>
    </div>
  </body>
</html>
):
1:    <!DOCTYPE html>
2:    <html>
3:      <head>
4:        <title><%= full_title(yield(:title)) %></title>
5:        <%= render 'layouts/rails_default' %>
6:       <%= render 'layouts/shim' %>
7:      </head>
8:      <body>
9:        <%= render 'layouts/header' %>
10:         <%= debug(params) if Rails.env.development? %>
11:        <div class="container">
12:        % flash.each do |message_type, message| %>
13:            <div class="alert alert-<%= message_type %>"><%= message %></div>
14:          <% end %>
15:          <%= yield %>
16:           <%= render 'layouts/footer' %>
17:        </div>
18:      </body>
19:    </html>
  
app/views/layouts/application.html.erb:21: syntax error, unexpected end, expecting end-of-input
app/views/layouts/application.html.erb:21: syntax error, unexpected end, expecting end-of-input
app/views/layouts/application.html.erb:21: syntax error, unexpected end, expecting end-of-input
app/views/layouts/application.html.erb:21: syntax error, unexpected end, expecting end-of-input
app/views/layouts/application.html.erb:21: syntax error, unexpected end, expecting end-of-input
app/views/layouts/application.html.erb:21: syntax error, unexpected end, expecting end-of-input
Started GET "/" for ::1 at 2019-09-09 00:13:24 -0600
Processing by StaticPagesController#home as HTML
  Rendering static_pages/home.html.erb within layouts/application
  Rendered static_pages/home.html.erb within layouts/application (Duration: 2.1ms | Allocations: 858)
  Rendered layouts/_rails_default.html.erb (Duration: 18.1ms | Allocations: 14543)
  Rendered layouts/_shim.html.erb (Duration: 0.7ms | Allocations: 85)
  Rendered layouts/_header.html.erb (Duration: 0.7ms | Allocations: 250)
  Rendered layouts/_footer.html.erb (Duration: 0.5ms | Allocations: 178)
Completed 200 OK in 31ms (Views: 29.8ms | ActiveRecord: 0.0ms | Allocations: 18402)


Started GET "/signup" for ::1 at 2019-09-09 00:13:26 -0600
Processing by UsersController#new as HTML
  Rendering users/new.html.erb within layouts/application
  Rendered shared/_error_messages.html.erb (Duration: 0.7ms | Allocations: 195)
  Rendered users/new.html.erb within layouts/application (Duration: 5.1ms | Allocations: 1630)
  Rendered layouts/_rails_default.html.erb (Duration: 38.5ms | Allocations: 14523)
  Rendered layouts/_shim.html.erb (Duration: 0.0ms | Allocations: 5)
  Rendered layouts/_header.html.erb (Duration: 0.2ms | Allocations: 88)
  Rendered layouts/_footer.html.erb (Duration: 0.1ms | Allocations: 49)
Completed 200 OK in 50ms (Views: 47.7ms | ActiveRecord: 0.0ms | Allocations: 17789)


Started POST "/signup" for ::1 at 2019-09-09 00:13:41 -0600
Processing by UsersController#create as HTML
  Parameters: {"authenticity_token"=>"X2gKpU6mu2l4mmYKcJebBSivK1HRmBkt+a1C2SbCFtI51fTHS+LZ/zR3WaMtXMbkzDSpCWWLxa923a8zVwGO5Q==", "user"=>{"name"=>"Darren", "email"=>"daroaza@gmail.com", "password"=>"[FILTERED]", "password_confirmation"=>"[FILTERED]"}, "commit"=>"Create my account"}
  [1m[35m (0.1ms)[0m  [1m[36mbegin transaction[0m
  ↳ app/controllers/users_controller.rb:12:in `create'
  [1m[36mUser Exists? (0.3ms)[0m  [1m[34mSELECT 1 AS one FROM "users" WHERE LOWER("users"."email") = LOWER(?) LIMIT ?[0m  [["email", "daroaza@gmail.com"], ["LIMIT", 1]]
  ↳ app/controllers/users_controller.rb:12:in `create'
  [1m[36mUser Create (0.5ms)[0m  [1m[32mINSERT INTO "users" ("name", "email", "created_at", "updated_at", "password_digest") VALUES (?, ?, ?, ?, ?)[0m  [["name", "Darren"], ["email", "daroaza@gmail.com"], ["created_at", "2019-09-09 06:13:41.436484"], ["updated_at", "2019-09-09 06:13:41.436484"], ["password_digest", "$2a$10$fK29wnnufinRSlGOnO4vRebIzBULnorxITfB7BVR6RRyuAHBs5oLS"]]
  ↳ app/controllers/users_controller.rb:12:in `create'
  [1m[35m (3.3ms)[0m  [1m[36mcommit transaction[0m
  ↳ app/controllers/users_controller.rb:12:in `create'
Redirected to http://localhost:3000/users/2
Completed 302 Found in 96ms (ActiveRecord: 4.2ms | Allocations: 3886)


Started GET "/users/2" for ::1 at 2019-09-09 00:13:41 -0600
Processing by UsersController#show as HTML
  Parameters: {"id"=>"2"}
  [1m[36mUser Load (0.2ms)[0m  [1m[34mSELECT "users".* FROM "users" WHERE "users"."id" = ? LIMIT ?[0m  [["id", 2], ["LIMIT", 1]]
  ↳ app/controllers/users_controller.rb:7:in `show'
  Rendering users/show.html.erb within layouts/application
  Rendered users/show.html.erb within layouts/application (Duration: 0.8ms | Allocations: 273)
  Rendered layouts/_rails_default.html.erb (Duration: 18.1ms | Allocations: 14525)
  Rendered layouts/_shim.html.erb (Duration: 0.0ms | Allocations: 5)
  Rendered layouts/_header.html.erb (Duration: 0.3ms | Allocations: 111)
  Rendered layouts/_footer.html.erb (Duration: 0.1ms | Allocations: 49)
Completed 200 OK in 24ms (Views: 21.6ms | ActiveRecord: 0.2ms | Allocations: 16524)


Started GET "/users/2" for ::1 at 2019-09-09 00:14:33 -0600
Processing by UsersController#show as HTML
  Parameters: {"id"=>"2"}
  [1m[36mUser Load (0.1ms)[0m  [1m[34mSELECT "users".* FROM "users" WHERE "users"."id" = ? LIMIT ?[0m  [["id", 2], ["LIMIT", 1]]
  ↳ app/controllers/users_controller.rb:7:in `show'
  Rendering users/show.html.erb within layouts/application
  Rendered users/show.html.erb within layouts/application (Duration: 0.8ms | Allocations: 285)
  Rendered layouts/_rails_default.html.erb (Duration: 20.8ms | Allocations: 14661)
  Rendered layouts/_shim.html.erb (Duration: 0.3ms | Allocations: 85)
  Rendered layouts/_header.html.erb (Duration: 0.7ms | Allocations: 272)
  Rendered layouts/_footer.html.erb (Duration: 0.4ms | Allocations: 178)
Completed 200 OK in 31ms (Views: 28.5ms | ActiveRecord: 0.1ms | Allocations: 18473)


Started GET "/users/2" for ::1 at 2019-09-09 00:14:36 -0600
Processing by UsersController#show as HTML
  Parameters: {"id"=>"2"}
  [1m[36mUser Load (0.1ms)[0m  [1m[34mSELECT "users".* FROM "users" WHERE "users"."id" = ? LIMIT ?[0m  [["id", 2], ["LIMIT", 1]]
  ↳ app/controllers/users_controller.rb:7:in `show'
  Rendering users/show.html.erb within layouts/application
  Rendered users/show.html.erb within layouts/application (Duration: 0.3ms | Allocations: 83)
  Rendered layouts/_rails_default.html.erb (Duration: 17.5ms | Allocations: 14526)
  Rendered layouts/_shim.html.erb (Duration: 0.1ms | Allocations: 5)
  Rendered layouts/_header.html.erb (Duration: 0.3ms | Allocations: 107)
  Rendered layouts/_footer.html.erb (Duration: 0.2ms | Allocations: 47)
Completed 200 OK in 23ms (Views: 21.1ms | ActiveRecord: 0.1ms | Allocations: 16165)


Started GET "/users" for ::1 at 2019-09-09 00:14:39 -0600
  
AbstractController::ActionNotFound (The action 'index' could not be found for UsersController):
  
actionpack (6.0.0) lib/abstract_controller/base.rb:131:in `process'
actionview (6.0.0) lib/action_view/rendering.rb:39:in `process'
actionpack (6.0.0) lib/action_controller/metal.rb:191:in `dispatch'
actionpack (6.0.0) lib/action_controller/metal.rb:252:in `dispatch'
actionpack (6.0.0) lib/action_dispatch/routing/route_set.rb:51:in `dispatch'
actionpack (6.0.0) lib/action_dispatch/routing/route_set.rb:33:in `serve'
actionpack (6.0.0) lib/action_dispatch/journey/router.rb:49:in `block in serve'
actionpack (6.0.0) lib/action_dispatch/journey/router.rb:32:in `each'
actionpack (6.0.0) lib/action_dispatch/journey/router.rb:32:in `serve'
actionpack (6.0.0) lib/action_dispatch/routing/route_set.rb:837:in `call'
rack (2.0.7) lib/rack/tempfile_reaper.rb:15:in `call'
rack (2.0.7) lib/rack/etag.rb:25:in `call'
rack (2.0.7) lib/rack/conditional_get.rb:25:in `call'
rack (2.0.7) lib/rack/head.rb:12:in `call'
actionpack (6.0.0) lib/action_dispatch/http/content_security_policy.rb:18:in `call'
rack (2.0.7) lib/rack/session/abstract/id.rb:232:in `context'
rack (2.0.7) lib/rack/session/abstract/id.rb:226:in `call'
actionpack (6.0.0) lib/action_dispatch/middleware/cookies.rb:648:in `call'
activerecord (6.0.0) lib/active_record/migration.rb:567:in `call'
actionpack (6.0.0) lib/action_dispatch/middleware/callbacks.rb:27:in `block in call'
activesupport (6.0.0) lib/active_support/callbacks.rb:101:in `run_callbacks'
actionpack (6.0.0) lib/action_dispatch/middleware/callbacks.rb:26:in `call'
actionpack (6.0.0) lib/action_dispatch/middleware/executor.rb:14:in `call'
actionpack (6.0.0) lib/action_dispatch/middleware/actionable_exceptions.rb:17:in `call'
actionpack (6.0.0) lib/action_dispatch/middleware/debug_exceptions.rb:32:in `call'
web-console (4.0.1) lib/web_console/middleware.rb:132:in `call_app'
web-console (4.0.1) lib/web_console/middleware.rb:28:in `block in call'
web-console (4.0.1) lib/web_console/middleware.rb:17:in `catch'
web-console (4.0.1) lib/web_console/middleware.rb:17:in `call'
actionpack (6.0.0) lib/action_dispatch/middleware/show_exceptions.rb:33:in `call'
railties (6.0.0) lib/rails/rack/logger.rb:38:in `call_app'
railties (6.0.0) lib/rails/rack/logger.rb:26:in `block in call'
activesupport (6.0.0) lib/active_support/tagged_logging.rb:80:in `block in tagged'
activesupport (6.0.0) lib/active_support/tagged_logging.rb:28:in `tagged'
activesupport (6.0.0) lib/active_support/tagged_logging.rb:80:in `tagged'
railties (6.0.0) lib/rails/rack/logger.rb:26:in `call'
sprockets-rails (3.2.1) lib/sprockets/rails/quiet_assets.rb:13:in `call'
actionpack (6.0.0) lib/action_dispatch/middleware/remote_ip.rb:81:in `call'
actionpack (6.0.0) lib/action_dispatch/middleware/request_id.rb:27:in `call'
rack (2.0.7) lib/rack/method_override.rb:22:in `call'
rack (2.0.7) lib/rack/runtime.rb:22:in `call'
activesupport (6.0.0) lib/active_support/cache/strategy/local_cache_middleware.rb:29:in `call'
actionpack (6.0.0) lib/action_dispatch/middleware/executor.rb:14:in `call'
actionpack (6.0.0) lib/action_dispatch/middleware/static.rb:126:in `call'
rack (2.0.7) lib/rack/sendfile.rb:111:in `call'
actionpack (6.0.0) lib/action_dispatch/middleware/host_authorization.rb:77:in `call'
webpacker (4.0.7) lib/webpacker/dev_server_proxy.rb:29:in `perform_request'
rack-proxy (0.6.5) lib/rack/proxy.rb:57:in `call'
railties (6.0.0) lib/rails/engine.rb:526:in `call'
puma (3.12.1) lib/puma/configuration.rb:227:in `call'
puma (3.12.1) lib/puma/server.rb:660:in `handle_request'
puma (3.12.1) lib/puma/server.rb:474:in `process_client'
puma (3.12.1) lib/puma/server.rb:334:in `block in run'
puma (3.12.1) lib/puma/thread_pool.rb:135:in `block in spawn_thread'
Started GET "/" for ::1 at 2019-09-09 00:14:42 -0600
Processing by StaticPagesController#home as HTML
  Rendering static_pages/home.html.erb within layouts/application
  Rendered static_pages/home.html.erb within layouts/application (Duration: 3.9ms | Allocations: 857)
  Rendered layouts/_rails_default.html.erb (Duration: 25.9ms | Allocations: 14408)
  Rendered layouts/_shim.html.erb (Duration: 0.1ms | Allocations: 5)
  Rendered layouts/_header.html.erb (Duration: 0.3ms | Allocations: 85)
  Rendered layouts/_footer.html.erb (Duration: 0.2ms | Allocations: 49)
Completed 200 OK in 40ms (Views: 37.0ms | ActiveRecord: 0.0ms | Allocations: 16871)


Started GET "/signup" for ::1 at 2019-09-09 00:14:43 -0600
Processing by UsersController#new as HTML
  Rendering users/new.html.erb within layouts/application
  Rendered shared/_error_messages.html.erb (Duration: 0.8ms | Allocations: 195)
  Rendered users/new.html.erb within layouts/application (Duration: 7.7ms | Allocations: 1578)
  Rendered layouts/_rails_default.html.erb (Duration: 43.0ms | Allocations: 14524)
  Rendered layouts/_shim.html.erb (Duration: 0.0ms | Allocations: 5)
  Rendered layouts/_header.html.erb (Duration: 0.3ms | Allocations: 88)
  Rendered layouts/_footer.html.erb (Duration: 0.3ms | Allocations: 49)
Completed 200 OK in 73ms (Views: 67.6ms | ActiveRecord: 0.0ms | Allocations: 17299)


Started POST "/signup" for ::1 at 2019-09-09 00:14:56 -0600
Processing by UsersController#create as HTML
  Parameters: {"authenticity_token"=>"1Owr3Gd5f0AsZMu6IN4uw0TpoQhpTemDiSRdXq5tDw+yUdW+Yj0d1mCJ9BN9FXMioHIjUN1eNQEGVLC0366XOA==", "user"=>{"name"=>"cristof", "email"=>"vcbvs@hot.com", "password"=>"[FILTERED]", "password_confirmation"=>"[FILTERED]"}, "commit"=>"Create my account"}
  [1m[35m (0.1ms)[0m  [1m[36mbegin transaction[0m
  ↳ app/controllers/users_controller.rb:12:in `create'
  [1m[36mUser Exists? (0.2ms)[0m  [1m[34mSELECT 1 AS one FROM "users" WHERE LOWER("users"."email") = LOWER(?) LIMIT ?[0m  [["email", "vcbvs@hot.com"], ["LIMIT", 1]]
  ↳ app/controllers/users_controller.rb:12:in `create'
  [1m[36mUser Create (0.4ms)[0m  [1m[32mINSERT INTO "users" ("name", "email", "created_at", "updated_at", "password_digest") VALUES (?, ?, ?, ?, ?)[0m  [["name", "cristof"], ["email", "vcbvs@hot.com"], ["created_at", "2019-09-09 06:14:56.693252"], ["updated_at", "2019-09-09 06:14:56.693252"], ["password_digest", "$2a$10$Lv.ewYrJGawO0sfyVQmSROkhfvYcBtedSn0r0WBLJeiMffdLFiyMS"]]
  ↳ app/controllers/users_controller.rb:12:in `create'
  [1m[35m (3.1ms)[0m  [1m[36mcommit transaction[0m
  ↳ app/controllers/users_controller.rb:12:in `create'
Redirected to http://localhost:3000/users/3
Completed 302 Found in 91ms (ActiveRecord: 3.8ms | Allocations: 3663)


Started GET "/users/3" for ::1 at 2019-09-09 00:14:56 -0600
Processing by UsersController#show as HTML
  Parameters: {"id"=>"3"}
  [1m[36mUser Load (0.2ms)[0m  [1m[34mSELECT "users".* FROM "users" WHERE "users"."id" = ? LIMIT ?[0m  [["id", 3], ["LIMIT", 1]]
  ↳ app/controllers/users_controller.rb:7:in `show'
  Rendering users/show.html.erb within layouts/application
  Rendered users/show.html.erb within layouts/application (Duration: 0.3ms | Allocations: 83)
  Rendered layouts/_rails_default.html.erb (Duration: 18.5ms | Allocations: 14522)
  Rendered layouts/_shim.html.erb (Duration: 0.1ms | Allocations: 5)
  Rendered layouts/_header.html.erb (Duration: 0.2ms | Allocations: 105)
  Rendered layouts/_footer.html.erb (Duration: 0.1ms | Allocations: 47)
Completed 200 OK in 23ms (Views: 21.2ms | ActiveRecord: 0.2ms | Allocations: 16184)


Started GET "/users/3" for ::1 at 2019-09-09 00:16:21 -0600
Processing by UsersController#show as HTML
  Parameters: {"id"=>"3"}
  [1m[36mUser Load (0.2ms)[0m  [1m[34mSELECT "users".* FROM "users" WHERE "users"."id" = ? LIMIT ?[0m  [["id", 3], ["LIMIT", 1]]
  ↳ app/controllers/users_controller.rb:7:in `show'
  Rendering users/show.html.erb within layouts/application
  Rendered users/show.html.erb within layouts/application (Duration: 1.2ms | Allocations: 273)
  Rendered layouts/_rails_default.html.erb (Duration: 18.6ms | Allocations: 14661)
  Rendered layouts/_shim.html.erb (Duration: 0.5ms | Allocations: 85)
  Rendered layouts/_header.html.erb (Duration: 0.7ms | Allocations: 272)
  Rendered layouts/_footer.html.erb (Duration: 0.6ms | Allocations: 178)
Completed 200 OK in 33ms (Views: 29.1ms | ActiveRecord: 0.2ms | Allocations: 18295)


  [1m[35m (0.5ms)[0m  [1m[34mSELECT sqlite_version(*)[0m
  [1m[35m (2.3ms)[0m  [1m[34mSELECT "schema_migrations"."version" FROM "schema_migrations" ORDER BY "schema_migrations"."version" ASC[0m
  [1m[35m (2.4ms)[0m  [1m[34mSELECT "ar_internal_metadata"."value" FROM "ar_internal_metadata" WHERE "ar_internal_metadata"."key" = ?[0m  [["key", "environment"]]
  [1m[35m (0.1ms)[0m  [1m[34mSELECT "schema_migrations"."version" FROM "schema_migrations" ORDER BY "schema_migrations"."version" ASC[0m
  [1m[35m (0.1ms)[0m  [1m[34mSELECT "ar_internal_metadata"."value" FROM "ar_internal_metadata" WHERE "ar_internal_metadata"."key" = ?[0m  [["key", "environment"]]
  [1m[35m (0.1ms)[0m  [1m[34mSELECT "schema_migrations"."version" FROM "schema_migrations" ORDER BY "schema_migrations"."version" ASC[0m
  [1m[35m (0.1ms)[0m  [1m[34mSELECT "ar_internal_metadata"."value" FROM "ar_internal_metadata" WHERE "ar_internal_metadata"."key" = ?[0m  [["key", "environment"]]
  [1m[35m (0.1ms)[0m  [1m[34mSELECT sqlite_version(*)[0m
  [1m[35m (0.1ms)[0m  [1m[34mSELECT sqlite_version(*)[0m
  [1m[35m (0.1ms)[0m  [1m[34mSELECT sqlite_version(*)[0m
  [1m[35m (0.1ms)[0m  [1m[35mDROP TABLE IF EXISTS "users"[0m
  [1m[35m (3.5ms)[0m  [1m[35mCREATE TABLE "users" ("id" integer PRIMARY KEY AUTOINCREMENT NOT NULL, "name" varchar, "email" varchar, "created_at" datetime(6) NOT NULL, "updated_at" datetime(6) NOT NULL, "password_digest" varchar)[0m
  [1m[35m (3.6ms)[0m  [1m[35mCREATE UNIQUE INDEX "index_users_on_email" ON "users" ("email")[0m
  [1m[35m (3.3ms)[0m  [1m[35mCREATE TABLE "schema_migrations" ("version" varchar NOT NULL PRIMARY KEY)[0m
  [1m[35m (0.1ms)[0m  [1m[34mSELECT "schema_migrations"."version" FROM "schema_migrations" ORDER BY "schema_migrations"."version" ASC[0m
  [1m[35m (3.6ms)[0m  [1m[32mINSERT INTO "schema_migrations" (version) VALUES (20190907213442)[0m
  [1m[35m (3.7ms)[0m  [1m[32mINSERT INTO "schema_migrations" (version) VALUES
(20190907172738),
(20190907211735);

[0m
  [1m[35m (3.6ms)[0m  [1m[35mCREATE TABLE "ar_internal_metadata" ("key" varchar NOT NULL PRIMARY KEY, "value" varchar, "created_at" datetime(6) NOT NULL, "updated_at" datetime(6) NOT NULL)[0m
  [1m[36mActiveRecord::InternalMetadata Load (0.2ms)[0m  [1m[34mSELECT "ar_internal_metadata".* FROM "ar_internal_metadata" WHERE "ar_internal_metadata"."key" = ? LIMIT ?[0m  [["key", "environment"], ["LIMIT", 1]]
  [1m[35m (0.1ms)[0m  [1m[36mbegin transaction[0m
  [1m[36mActiveRecord::InternalMetadata Create (0.4ms)[0m  [1m[32mINSERT INTO "ar_internal_metadata" ("key", "value", "created_at", "updated_at") VALUES (?, ?, ?, ?)[0m  [["key", "environment"], ["value", "development"], ["created_at", "2019-09-09 06:20:46.128275"], ["updated_at", "2019-09-09 06:20:46.128275"]]
  [1m[35m (2.7ms)[0m  [1m[36mcommit transaction[0m
  [1m[36mActiveRecord::InternalMetadata Load (0.1ms)[0m  [1m[34mSELECT "ar_internal_metadata".* FROM "ar_internal_metadata" WHERE "ar_internal_metadata"."key" = ? LIMIT ?[0m  [["key", "environment"], ["LIMIT", 1]]
  [1m[36mActiveRecord::InternalMetadata Load (0.1ms)[0m  [1m[34mSELECT "ar_internal_metadata".* FROM "ar_internal_metadata" WHERE "ar_internal_metadata"."key" = ? LIMIT ?[0m  [["key", "schema_sha1"], ["LIMIT", 1]]
  [1m[35m (0.0ms)[0m  [1m[36mbegin transaction[0m
  [1m[36mActiveRecord::InternalMetadata Create (0.4ms)[0m  [1m[32mINSERT INTO "ar_internal_metadata" ("key", "value", "created_at", "updated_at") VALUES (?, ?, ?, ?)[0m  [["key", "schema_sha1"], ["value", "a79ffd5703dcf4f105912157d0fe5bc64a6a01ee"], ["created_at", "2019-09-09 06:20:46.138951"], ["updated_at", "2019-09-09 06:20:46.138951"]]
  [1m[35m (3.0ms)[0m  [1m[36mcommit transaction[0m
  [1m[35m (0.1ms)[0m  [1m[34mSELECT sqlite_version(*)[0m
  [1m[35m (0.1ms)[0m  [1m[35mDROP TABLE IF EXISTS "users"[0m
  [1m[35m (3.2ms)[0m  [1m[35mCREATE TABLE "users" ("id" integer PRIMARY KEY AUTOINCREMENT NOT NULL, "name" varchar, "email" varchar, "created_at" datetime(6) NOT NULL, "updated_at" datetime(6) NOT NULL, "password_digest" varchar)[0m
  [1m[35m (5.9ms)[0m  [1m[35mCREATE UNIQUE INDEX "index_users_on_email" ON "users" ("email")[0m
  [1m[35m (3.2ms)[0m  [1m[35mCREATE TABLE "schema_migrations" ("version" varchar NOT NULL PRIMARY KEY)[0m
  [1m[35m (0.1ms)[0m  [1m[34mSELECT "schema_migrations"."version" FROM "schema_migrations" ORDER BY "schema_migrations"."version" ASC[0m
  [1m[35m (2.9ms)[0m  [1m[32mINSERT INTO "schema_migrations" (version) VALUES (20190907213442)[0m
  [1m[35m (3.4ms)[0m  [1m[32mINSERT INTO "schema_migrations" (version) VALUES
(20190907172738),
(20190907211735);

[0m
  [1m[35m (3.6ms)[0m  [1m[35mCREATE TABLE "ar_internal_metadata" ("key" varchar NOT NULL PRIMARY KEY, "value" varchar, "created_at" datetime(6) NOT NULL, "updated_at" datetime(6) NOT NULL)[0m
  [1m[36mActiveRecord::InternalMetadata Load (0.3ms)[0m  [1m[34mSELECT "ar_internal_metadata".* FROM "ar_internal_metadata" WHERE "ar_internal_metadata"."key" = ? LIMIT ?[0m  [["key", "environment"], ["LIMIT", 1]]
  [1m[35m (0.1ms)[0m  [1m[36mbegin transaction[0m
  [1m[36mActiveRecord::InternalMetadata Create (0.4ms)[0m  [1m[32mINSERT INTO "ar_internal_metadata" ("key", "value", "created_at", "updated_at") VALUES (?, ?, ?, ?)[0m  [["key", "environment"], ["value", "development"], ["created_at", "2019-09-09 06:20:46.186535"], ["updated_at", "2019-09-09 06:20:46.186535"]]
  [1m[35m (2.9ms)[0m  [1m[36mcommit transaction[0m
  [1m[36mActiveRecord::InternalMetadata Load (0.1ms)[0m  [1m[34mSELECT "ar_internal_metadata".* FROM "ar_internal_metadata" WHERE "ar_internal_metadata"."key" = ? LIMIT ?[0m  [["key", "environment"], ["LIMIT", 1]]
  [1m[35m (0.1ms)[0m  [1m[36mbegin transaction[0m
  [1m[36mActiveRecord::InternalMetadata Update (0.4ms)[0m  [1m[33mUPDATE "ar_internal_metadata" SET "value" = ?, "updated_at" = ? WHERE "ar_internal_metadata"."key" = ?[0m  [["value", "test"], ["updated_at", "2019-09-09 06:20:46.196407"], ["key", "environment"]]
  [1m[35m (2.8ms)[0m  [1m[36mcommit transaction[0m
  [1m[36mActiveRecord::InternalMetadata Load (0.1ms)[0m  [1m[34mSELECT "ar_internal_metadata".* FROM "ar_internal_metadata" WHERE "ar_internal_metadata"."key" = ? LIMIT ?[0m  [["key", "schema_sha1"], ["LIMIT", 1]]
  [1m[35m (0.1ms)[0m  [1m[36mbegin transaction[0m
  [1m[36mActiveRecord::InternalMetadata Create (0.4ms)[0m  [1m[32mINSERT INTO "ar_internal_metadata" ("key", "value", "created_at", "updated_at") VALUES (?, ?, ?, ?)[0m  [["key", "schema_sha1"], ["value", "a79ffd5703dcf4f105912157d0fe5bc64a6a01ee"], ["created_at", "2019-09-09 06:20:46.205649"], ["updated_at", "2019-09-09 06:20:46.205649"]]
  [1m[35m (2.9ms)[0m  [1m[36mcommit transaction[0m
  [1m[35m (0.1ms)[0m  [1m[34mSELECT sqlite_version(*)[0m
  [1m[35m (0.2ms)[0m  [1m[34mSELECT "schema_migrations"."version" FROM "schema_migrations" ORDER BY "schema_migrations"."version" ASC[0m
  [1m[35m (0.9ms)[0m  [1m[34mSELECT sqlite_version(*)[0m
  [1m[35m (0.1ms)[0m  [1m[36mbegin transaction[0m
  [1m[36mUser Exists? (0.2ms)[0m  [1m[34mSELECT 1 AS one FROM "users" WHERE LOWER("users"."email") = LOWER(?) LIMIT ?[0m  [["email", "cristofmorisette@hotmail.com"], ["LIMIT", 1]]
  [1m[36mUser Create (0.7ms)[0m  [1m[32mINSERT INTO "users" ("name", "email", "created_at", "updated_at", "password_digest") VALUES (?, ?, ?, ?, ?)[0m  [["name", "Cristof"], ["email", "cristofmorisette@hotmail.com"], ["created_at", "2019-09-09 06:21:48.030596"], ["updated_at", "2019-09-09 06:21:48.030596"], ["password_digest", "$2a$10$FbQ11GaKFS8a1NGWdLQOqO2.PKU4WOtEkrOZ5gRCi/0E1A4ajR.bu"]]
  [1m[35m (2.9ms)[0m  [1m[36mcommit transaction[0m
Started GET "/users/1" for ::1 at 2019-09-09 00:21:58 -0600
  [1m[35m (0.3ms)[0m  [1m[34mSELECT sqlite_version(*)[0m
Processing by UsersController#show as HTML
  Parameters: {"id"=>"1"}
  [1m[36mUser Load (0.3ms)[0m  [1m[34mSELECT "users".* FROM "users" WHERE "users"."id" = ? LIMIT ?[0m  [["id", 1], ["LIMIT", 1]]
  ↳ app/controllers/users_controller.rb:7:in `show'
  Rendering users/show.html.erb within layouts/application
  Rendered users/show.html.erb within layouts/application (Duration: 0.4ms | Allocations: 84)
  Rendered layouts/_rails_default.html.erb (Duration: 19.6ms | Allocations: 14526)
  Rendered layouts/_shim.html.erb (Duration: 0.0ms | Allocations: 5)
  Rendered layouts/_header.html.erb (Duration: 0.3ms | Allocations: 107)
  Rendered layouts/_footer.html.erb (Duration: 0.2ms | Allocations: 47)
Completed 200 OK in 26ms (Views: 22.0ms | ActiveRecord: 0.3ms | Allocations: 16032)


Started GET "/users/1" for ::1 at 2019-09-09 00:22:02 -0600
Processing by UsersController#show as HTML
  Parameters: {"id"=>"1"}
  [1m[36mUser Load (0.3ms)[0m  [1m[34mSELECT "users".* FROM "users" WHERE "users"."id" = ? LIMIT ?[0m  [["id", 1], ["LIMIT", 1]]
  ↳ app/controllers/users_controller.rb:7:in `show'
  Rendering users/show.html.erb within layouts/application
  Rendered users/show.html.erb within layouts/application (Duration: 0.4ms | Allocations: 83)
  Rendered layouts/_rails_default.html.erb (Duration: 18.0ms | Allocations: 14524)
  Rendered layouts/_shim.html.erb (Duration: 0.0ms | Allocations: 5)
  Rendered layouts/_header.html.erb (Duration: 0.3ms | Allocations: 105)
  Rendered layouts/_footer.html.erb (Duration: 0.2ms | Allocations: 47)
Completed 200 OK in 24ms (Views: 20.8ms | ActiveRecord: 0.3ms | Allocations: 16012)


